<?xml version="1.0" encoding="UTF-8"?>
<testsuite name="com.vosipov.calculator.CalculatorTest" tests="1" skipped="0" failures="0" errors="0" timestamp="2018-05-04T10:57:05" hostname="vosipov-machine" time="0.004">
  <properties/>
  <testcase name="testSum" classname="com.vosipov.calculator.CalculatorTest" time="0.004"/>
  <system-out><![CDATA[]]></system-out>
  <system-err><![CDATA[]]></system-err>
</testsuite>
